D:\PROJECT\多线程\RELEASE\主程序.OBJ
D:\PROJECT\多线程\RELEASE\VC110.PDB
D:\PROJECT\多线程\RELEASE\多线程.EXE
D:\PROJECT\多线程\RELEASE\多线程.PDB
D:\PROJECT\多线程\RELEASE\RESOURCE.RES
D:\project\多线程\Release\主程序.obj
D:\project\多线程\Release\cl.command.1.tlog
D:\project\多线程\Release\CL.read.1.tlog
D:\project\多线程\Release\CL.write.1.tlog
D:\project\多线程\Release\link.19212-cvtres.read.1.tlog
D:\project\多线程\Release\link.19212-cvtres.write.1.tlog
D:\project\多线程\Release\link.19212-rc.read.1.tlog
D:\project\多线程\Release\link.19212-rc.write.1.tlog
D:\project\多线程\Release\link.19212.read.1.tlog
D:\project\多线程\Release\link.19212.write.1.tlog
D:\project\多线程\Release\link.command.1.tlog
D:\project\多线程\Release\link.read.1.tlog
D:\project\多线程\Release\link.write.1.tlog
D:\project\多线程\Release\rc.command.1.tlog
D:\project\多线程\Release\rc.read.1.tlog
D:\project\多线程\Release\rc.write.1.tlog
D:\project\多线程\Release\Resource.res
D:\project\多线程\Release\vc110.pdb
D:\project\多线程\Release\多线程.pdb
D:\project\多线程\Release\多线程.exe
