D:\PROJECT\URLANALYSIS\URLANALYSIS\URLANALYSIS\DEBUG\ANALYSIS_FUNCTION.OBJ
D:\PROJECT\URLANALYSIS\URLANALYSIS\URLANALYSIS\DEBUG\MAIN.OBJ
D:\PROJECT\URLANALYSIS\URLANALYSIS\URLANALYSIS\DEBUG\URL_ANALYSIS.OBJ
D:\PROJECT\URLANALYSIS\URLANALYSIS\URLANALYSIS\DEBUG\VC110.PDB
D:\PROJECT\URLANALYSIS\URLANALYSIS\DEBUG\URLANALYSIS.ILK
D:\PROJECT\URLANALYSIS\URLANALYSIS\DEBUG\URLANALYSIS.EXE
D:\PROJECT\URLANALYSIS\URLANALYSIS\DEBUG\URLANALYSIS.PDB
D:\project\UrlAnalysis\UrlAnalysis\UrlAnalysis\Debug\analysis_function.obj
D:\project\UrlAnalysis\UrlAnalysis\UrlAnalysis\Debug\main.obj
D:\project\UrlAnalysis\UrlAnalysis\UrlAnalysis\Debug\url_analysis.obj
D:\project\UrlAnalysis\UrlAnalysis\UrlAnalysis\Debug\cl.command.1.tlog
D:\project\UrlAnalysis\UrlAnalysis\UrlAnalysis\Debug\CL.read.1.tlog
D:\project\UrlAnalysis\UrlAnalysis\UrlAnalysis\Debug\CL.write.1.tlog
D:\project\UrlAnalysis\UrlAnalysis\UrlAnalysis\Debug\link-cvtres.read.1.tlog
D:\project\UrlAnalysis\UrlAnalysis\UrlAnalysis\Debug\link-cvtres.write.1.tlog
D:\project\UrlAnalysis\UrlAnalysis\UrlAnalysis\Debug\link-rc.read.1.tlog
D:\project\UrlAnalysis\UrlAnalysis\UrlAnalysis\Debug\link-rc.write.1.tlog
D:\project\UrlAnalysis\UrlAnalysis\UrlAnalysis\Debug\link.command.1.tlog
D:\project\UrlAnalysis\UrlAnalysis\UrlAnalysis\Debug\link.read.1.tlog
D:\project\UrlAnalysis\UrlAnalysis\UrlAnalysis\Debug\link.write.1.tlog
D:\project\UrlAnalysis\UrlAnalysis\UrlAnalysis\Debug\vc110.idb
D:\project\UrlAnalysis\UrlAnalysis\UrlAnalysis\Debug\vc110.pdb
D:\project\UrlAnalysis\UrlAnalysis\Debug\UrlAnalysis.pdb
D:\project\UrlAnalysis\UrlAnalysis\Debug\UrlAnalysis.exe
D:\project\UrlAnalysis\UrlAnalysis\Debug\UrlAnalysis.ilk
